<?xml version="1.0" encoding="UTF-8"?>
<!-- Generated by org.testng.reporters.JUnitReportReporter -->
<testsuite hostname="GYANESH-PC" failures="0" tests="5" name="tests.LoginPageTest" time="12.109" errors="0" timestamp="21 Oct 2021 11:27:36 GMT" skipped="0">
  <testcase classname="tests.LoginPageTest" name="loginPageTitleTest" time="0.069"/>
  <testcase classname="tests.LoginPageTest" name="loginPageUrlTest" time="0.011"/>
  <testcase classname="tests.LoginPageTest" name="forgotPwdLinkTest" time="1.954"/>
  <testcase classname="tests.LoginPageTest" name="registerLinkTest" time="1.610"/>
  <testcase classname="tests.LoginPageTest" name="loginTest" time="8.465"/>
</testsuite> <!-- tests.LoginPageTest -->
